Traceback (most recent call last):
  File "/opt/hostedtoolcache/Python/3.10.20/x64/lib/python3.10/site-packages/jupyter_cache/executors/utils.py", line 58, in single_nb_execution
    executenb(
  File "/opt/hostedtoolcache/Python/3.10.20/x64/lib/python3.10/site-packages/nbclient/client.py", line 1323, in execute
    return NotebookClient(nb=nb, resources=resources, km=km, **kwargs).execute()
  File "/opt/hostedtoolcache/Python/3.10.20/x64/lib/python3.10/site-packages/jupyter_core/utils/__init__.py", line 165, in wrapped
    return loop.run_until_complete(inner)
  File "/opt/hostedtoolcache/Python/3.10.20/x64/lib/python3.10/asyncio/base_events.py", line 649, in run_until_complete
    return future.result()
  File "/opt/hostedtoolcache/Python/3.10.20/x64/lib/python3.10/site-packages/nbclient/client.py", line 709, in async_execute
    await self.async_execute_cell(
  File "/opt/hostedtoolcache/Python/3.10.20/x64/lib/python3.10/site-packages/nbclient/client.py", line 1062, in async_execute_cell
    await self._check_raise_for_error(cell, cell_index, exec_reply)
  File "/opt/hostedtoolcache/Python/3.10.20/x64/lib/python3.10/site-packages/nbclient/client.py", line 918, in _check_raise_for_error
    raise CellExecutionError.from_cell_and_msg(cell, exec_reply_content)
nbclient.exceptions.CellExecutionError: An error occurred while executing the following cell:
------------------
import struct

x = 5.75

packed_x = struct.pack('>d', x)
int_rep = int.from_bytes(packed_x)
binario_flotante = bin(int_rep)

print(f"El número {x} en binario (IEEE 754, 64 bits) es:\n{binario_flotante}")
------------------


[0;31m---------------------------------------------------------------------------[0m
[0;31mTypeError[0m                                 Traceback (most recent call last)
Cell [0;32mIn[8], line 6[0m
[1;32m      3[0m x [38;5;241m=[39m [38;5;241m5.75[39m
[1;32m      5[0m packed_x [38;5;241m=[39m struct[38;5;241m.[39mpack([38;5;124m'[39m[38;5;124m>d[39m[38;5;124m'[39m, x)
[0;32m----> 6[0m int_rep [38;5;241m=[39m [38;5;28;43mint[39;49m[38;5;241;43m.[39;49m[43mfrom_bytes[49m[43m([49m[43mpacked_x[49m[43m)[49m
[1;32m      7[0m binario_flotante [38;5;241m=[39m [38;5;28mbin[39m(int_rep)
[1;32m      9[0m [38;5;28mprint[39m([38;5;124mf[39m[38;5;124m"[39m[38;5;124mEl número [39m[38;5;132;01m{[39;00mx[38;5;132;01m}[39;00m[38;5;124m en binario (IEEE 754, 64 bits) es:[39m[38;5;130;01m\n[39;00m[38;5;132;01m{[39;00mbinario_flotante[38;5;132;01m}[39;00m[38;5;124m"[39m)

[0;31mTypeError[0m: from_bytes() missing required argument 'byteorder' (pos 2)

