Traceback (most recent call last):
  File "/opt/hostedtoolcache/Python/3.10.20/x64/lib/python3.10/site-packages/jupyter_cache/executors/utils.py", line 58, in single_nb_execution
    executenb(
  File "/opt/hostedtoolcache/Python/3.10.20/x64/lib/python3.10/site-packages/nbclient/client.py", line 1323, in execute
    return NotebookClient(nb=nb, resources=resources, km=km, **kwargs).execute()
  File "/opt/hostedtoolcache/Python/3.10.20/x64/lib/python3.10/site-packages/jupyter_core/utils/__init__.py", line 165, in wrapped
    return loop.run_until_complete(inner)
  File "/opt/hostedtoolcache/Python/3.10.20/x64/lib/python3.10/asyncio/base_events.py", line 649, in run_until_complete
    return future.result()
  File "/opt/hostedtoolcache/Python/3.10.20/x64/lib/python3.10/site-packages/nbclient/client.py", line 709, in async_execute
    await self.async_execute_cell(
  File "/opt/hostedtoolcache/Python/3.10.20/x64/lib/python3.10/site-packages/nbclient/client.py", line 1062, in async_execute_cell
    await self._check_raise_for_error(cell, cell_index, exec_reply)
  File "/opt/hostedtoolcache/Python/3.10.20/x64/lib/python3.10/site-packages/nbclient/client.py", line 918, in _check_raise_for_error
    raise CellExecutionError.from_cell_and_msg(cell, exec_reply_content)
nbclient.exceptions.CellExecutionError: An error occurred while executing the following cell:
------------------
# Actividad 1
a = 3.2
b = 5.2
suma = a+b
producto = a*b

a_f = calculo_representacion_flotante(a)
b_f = calculo_representacion_flotante(b)
suma_f = calculo_representacion_flotante(suma)
producto_f =calculo_representacion_flotante(producto)

print(type(suma))
print(type(producto))


if a_f+b_f == suma_f:
  print("La suma de nĂşmeros flotantes es un nĂşmero flotante")
else:
  print("La suma de nĂşmeros flotantes no es un nĂşmero flotante")

if a_f*b_f == producto_f:
  print("La suma de nĂşmeros flotantes es un nĂşmero flotante")
else:
  print("La suma de nĂşmeros flotantes no es un nĂşmero flotante")

------------------

----- stdout -----
<class 'float'>
<class 'float'>
La suma de nĂşmeros flotantes no es un nĂşmero flotante
------------------

[0;31m---------------------------------------------------------------------------[0m
[0;31mTypeError[0m                                 Traceback (most recent call last)
Cell [0;32mIn[2], line 21[0m
[1;32m     18[0m [38;5;28;01melse[39;00m:
[1;32m     19[0m   [38;5;28mprint[39m([38;5;124m"[39m[38;5;124mLa suma de nĂşmeros flotantes no es un nĂşmero flotante[39m[38;5;124m"[39m)
[0;32m---> 21[0m [38;5;28;01mif[39;00m [43ma_f[49m[38;5;241;43m*[39;49m[43mb_f[49m [38;5;241m==[39m producto_f:
[1;32m     22[0m   [38;5;28mprint[39m([38;5;124m"[39m[38;5;124mLa suma de nĂşmeros flotantes es un nĂşmero flotante[39m[38;5;124m"[39m)
[1;32m     23[0m [38;5;28;01melse[39;00m:

[0;31mTypeError[0m: can't multiply sequence by non-int of type 'str'

